03::17:41.453 [main] INFO  pl.logs.logger.Logger1pl.logs.logger.Logger1 {36}:log:14: -  Info Message in: pl.logs.logger.Logger1
03::17:41.458 [main] INFO  pl.logs.logger.Logger2pl.logs.logger.Logger2 {36}:log:14: -  Trace Message in: pl.logs.logger.Logger2
03::17:41.458 [main] ERROR pl.logs.Mainpl.logs.Main {36}:otherMethod:28: -  Error Message in: pl.logs.Main
03::19:42.150 [main] INFO  pl.logs.logger.Logger1pl.logs.logger.Logger1 {36}:log:14: -  Info Message in: pl.logs.logger.Logger1
03::19:42.154 [main] INFO  pl.logs.logger.Logger2pl.logs.logger.Logger2 {36}:log:14: -  Trace Message in: pl.logs.logger.Logger2
03::19:42.155 [main] ERROR pl.logs.Mainpl.logs.Main {36}:otherMethod:28: -  Error Message in: pl.logs.Main
03::22:28.701 [main] DEBUG pl.logs.logger.Logger1pl.logs.logger.Logger1 {36}:log:13: -  Debug Message in: pl.logs.logger.Logger1
03::22:28.705 [main] INFO  pl.logs.logger.Logger1pl.logs.logger.Logger1 {36}:log:14: -  Info Message in: pl.logs.logger.Logger1
03::22:28.706 [main] DEBUG pl.logs.logger.Logger2pl.logs.logger.Logger2 {36}:log:13: -  Trace Message in: pl.logs.logger.Logger2
03::22:28.706 [main] INFO  pl.logs.logger.Logger2pl.logs.logger.Logger2 {36}:log:14: -  Trace Message in: pl.logs.logger.Logger2
03::22:28.706 [main] ERROR pl.logs.Mainpl.logs.Main {36}:otherMethod:28: -  Error Message in: pl.logs.Main
03::22:55.301 [main] DEBUG pl.logs.logger.Logger1pl.logs.logger.Logger1 {36}:log:13: -  Debug Message in: pl.logs.logger.Logger1
03::22:55.305 [main] INFO  pl.logs.logger.Logger1pl.logs.logger.Logger1 {36}:log:14: -  Info Message in: pl.logs.logger.Logger1
03::22:55.306 [main] DEBUG pl.logs.logger.Logger2pl.logs.logger.Logger2 {36}:log:13: -  Trace Message in: pl.logs.logger.Logger2
03::22:55.306 [main] INFO  pl.logs.logger.Logger2pl.logs.logger.Logger2 {36}:log:14: -  Trace Message in: pl.logs.logger.Logger2
03::23:10.890 [main] DEBUG pl.logs.logger.Logger1pl.logs.logger.Logger1 {36}:log:13: -  Debug Message in: pl.logs.logger.Logger1
03::23:10.893 [main] INFO  pl.logs.logger.Logger1pl.logs.logger.Logger1 {36}:log:14: -  Info Message in: pl.logs.logger.Logger1
03::23:10.894 [main] DEBUG pl.logs.logger.Logger2pl.logs.logger.Logger2 {36}:log:13: -  Trace Message in: pl.logs.logger.Logger2
03::23:10.895 [main] INFO  pl.logs.logger.Logger2pl.logs.logger.Logger2 {36}:log:14: -  Trace Message in: pl.logs.logger.Logger2
03::32:24.863 [main] DEBUG pl.logs.logger.Logger1pl.logs.logger.Logger1 {36}:log:13: -  Debug Message in: pl.logs.logger.Logger1
03::32:24.867 [main] INFO  pl.logs.logger.Logger1pl.logs.logger.Logger1 {36}:log:14: -  Info Message in: pl.logs.logger.Logger1
03::32:24.868 [main] DEBUG pl.logs.logger.Logger2pl.logs.logger.Logger2 {36}:log:13: -  Trace Message in: pl.logs.logger.Logger2
03::32:24.868 [main] INFO  pl.logs.logger.Logger2pl.logs.logger.Logger2 {36}:log:14: -  Trace Message in: pl.logs.logger.Logger2
03::32:30.860 [main] DEBUG pl.logs.logger.Logger1pl.logs.logger.Logger1 {36}:log:13: -  Debug Message in: pl.logs.logger.Logger1
03::32:30.864 [main] INFO  pl.logs.logger.Logger1pl.logs.logger.Logger1 {36}:log:14: -  Info Message in: pl.logs.logger.Logger1
03::32:30.865 [main] DEBUG pl.logs.logger.Logger2pl.logs.logger.Logger2 {36}:log:13: -  Trace Message in: pl.logs.logger.Logger2
03::32:30.865 [main] INFO  pl.logs.logger.Logger2pl.logs.logger.Logger2 {36}:log:14: -  Trace Message in: pl.logs.logger.Logger2
03::32:49.342 [main] DEBUG pl.logs.logger.Logger1pl.logs.logger.Logger1 {36}:log:13: -  Debug Message in: pl.logs.logger.Logger1
03::32:49.346 [main] INFO  pl.logs.logger.Logger1pl.logs.logger.Logger1 {36}:log:14: -  Info Message in: pl.logs.logger.Logger1
03::32:49.347 [main] DEBUG pl.logs.logger.Logger2pl.logs.logger.Logger2 {36}:log:13: -  Trace Message in: pl.logs.logger.Logger2
03::32:49.347 [main] INFO  pl.logs.logger.Logger2pl.logs.logger.Logger2 {36}:log:14: -  Trace Message in: pl.logs.logger.Logger2
